2022-01-18 01:26:43|   0.0|  0.0|INFORM|Current FME version: FME 2021.2.0.0 (20211029 - Build 21784 - WIN64)
2022-01-18 01:26:43|   0.0|  0.0|INFORM|FME_HOME is 'D:\Program Files\FME\'
2022-01-18 01:26:43|   0.0|  0.0|INFORM|FME Trial Edition (node locked-crc)
2022-01-18 01:26:43|   0.0|  0.0|INFORM|Serial Number: 0
2022-01-18 01:26:43|   0.0|  0.0|INFORM|Temporary License: 15 days left.
2022-01-18 01:26:43|   0.0|  0.0|INFORM|Machine host name is: LAPTOP-LD8KBQ70
2022-01-18 01:26:43|   0.0|  0.0|INFORM|Locale: pl_PL
2022-01-18 01:26:43|   0.0|  0.0|INFORM|System Encoding: windows-1250
2022-01-18 01:26:43|   0.0|  0.0|INFORM|FME Configuration: FME_BASE is 'no'
2022-01-18 01:26:43|   0.0|  0.0|INFORM|FME Configuration: FME_MF_DIR is 'C:\Users\Nadia\Desktop\STUDIA\BAZY_DANYCH_PRZESTRZENNYCH\cw11/'
2022-01-18 01:26:43|   0.0|  0.0|INFORM|FME Configuration: FME_MF_NAME is 'cw11.fmw'
2022-01-18 01:26:43|   0.0|  0.0|INFORM|FME Configuration: FME_PRODUCT_NAME is 'FME(R) 2021.2.0.0'
2022-01-18 01:26:43|   0.0|  0.0|INFORM|Operating System: Microsoft Windows 10 64-bit  (Build 19043)
2022-01-18 01:26:43|   0.0|  0.0|INFORM|FME Platform: WIN64
2022-01-18 01:26:43|   0.0|  0.0|INFORM|System Status: 15.80 GB of disk space available in the FME temporary folder (C:\Users\Nadia\AppData\Local\Temp\wbrun_1642440487774_30992\fmetmp_20)
2022-01-18 01:26:43|   0.0|  0.0|INFORM|System Status: 15.88 GB of physical memory available
2022-01-18 01:26:43|   0.0|  0.0|INFORM|System Status: 63.51 GB of virtual memory available
2022-01-18 01:26:43|   0.0|  0.0|INFORM|START - ProcessID: 21188, peak process memory usage: 45564 kB, current process memory usage: 45564 kB
2022-01-18 01:26:43|   0.0|  0.0|INFORM|FME Configuration: Command line arguments are `D:\Program Files\FME\fme.exe' `C:/Users/Nadia/Desktop/STUDIA/BAZY_DANYCH_PRZESTRZENNYCH/cw11\wb-xlate-1642465586593_30992' `LOG_STANDARDOUT' `YES' `LogCountServerName' `{75d8e49e-ba85-4f50-9bec-8643109cb880}'
2022-01-18 01:26:43|   0.0|  0.0|INFORM|FME Configuration: Connection Storage: 'C:\Users\Nadia\AppData\Roaming\Safe Software\FME\'
2022-01-18 01:26:43|   0.0|  0.0|INFORM|Using Python interpreter from `D:\Program Files\FME\fmepython38\python38.dll' with PYTHONHOME `D:\Program Files\FME\fmepython38'
2022-01-18 01:26:43|   0.0|  0.0|INFORM|Python version 3.8 loaded successfully
2022-01-18 01:26:43|   0.1|  0.1|INFORM|Adding folder `C:\Users\Nadia\Desktop\STUDIA\BAZY_DANYCH_PRZESTRZENNYCH\cw11\' to the python path
2022-01-18 01:26:44|   0.1|  0.0|INFORM|Adding folder `C:\Users\Nadia\Desktop\STUDIA\BAZY_DANYCH_PRZESTRZENNYCH\cw11\' to the python path
2022-01-18 01:26:44|   0.1|  0.0|INFORM|FME_BEGIN_PYTHON: evaluating python script from string...
2022-01-18 01:26:46|   0.1|  0.0|INFORM|Wysłano email!
2022-01-18 01:26:46|   0.1|  0.0|INFORM|FME_BEGIN_PYTHON: python script execution complete.
2022-01-18 01:26:46|   0.1|  0.0|INFORM|Shared folders for formats are : D:\Program Files\FME\datasources;C:\Users\Nadia\Documents\FME\Formats
2022-01-18 01:26:46|   0.1|  0.0|INFORM|Shared folders for transformers are : C:\Users\Nadia\AppData\Roaming\Safe Software\FME\Packages\21784-win64\transformers;D:\Program Files\FME\transformers;C:\Users\Nadia\AppData\Roaming\Safe Software\FME\FME Store\Transformers
2022-01-18 01:26:46|   0.1|  0.0|INFORM|Shared folders for coordinate systems are : C:\Users\Nadia\Documents\FME\CoordinateSystems
2022-01-18 01:26:46|   0.1|  0.0|INFORM|Shared folders for coordinate system exceptions are : C:\Users\Nadia\Documents\FME\CoordinateSystemExceptions
2022-01-18 01:26:46|   0.1|  0.0|INFORM|Shared folders for coordinate system grid overrides are : C:\Users\Nadia\Documents\FME\CoordinateSystemGridOverrides
2022-01-18 01:26:46|   0.1|  0.0|INFORM|Shared folders for CS-MAP transformation exceptions are : C:\Users\Nadia\Documents\FME\CsmapTransformationExceptions
2022-01-18 01:26:46|   0.1|  0.0|INFORM|Shared folders for transformer categories are : C:\Users\Nadia\Documents\FME\TransformerCategories
2022-01-18 01:26:46|   0.1|  0.0|INFORM|Mapping File Identifier is: cw11
2022-01-18 01:26:46|   0.1|  0.0|INFORM|FME Configuration: Reader Keyword is `MULTI_READER'
2022-01-18 01:26:46|   0.1|  0.0|INFORM|FME Configuration: Writer Keyword is `MULTI_WRITER'
2022-01-18 01:26:46|   0.1|  0.0|INFORM|FME Configuration: Writer Group Definition Keyword is `MULTI_WRITER_DEF'
2022-01-18 01:26:46|   0.1|  0.0|INFORM|FME Configuration: Reader type is `MULTI_READER'
2022-01-18 01:26:46|   0.1|  0.0|INFORM|FME Configuration: Writer type is `MULTI_WRITER'
2022-01-18 01:26:46|   0.1|  0.0|INFORM|FME Configuration: No destination coordinate system set
2022-01-18 01:26:46|   0.1|  0.0|INFORM|FME Configuration: Current working folder is `C:\Users\Nadia\Desktop\STUDIA\BAZY_DANYCH_PRZESTRZENNYCH\cw11'
2022-01-18 01:26:46|   0.1|  0.0|INFORM|FME Configuration: Temporary folder is `C:\Users\Nadia\AppData\Local\Temp\wbrun_1642440487774_30992\fmetmp_20', set from environment variable `FME_TEMP'
2022-01-18 01:26:46|   0.1|  0.0|INFORM|FME Configuration: Cache folder is 'C:\Users\Nadia\AppData\Local\Temp'
2022-01-18 01:26:46|   0.1|  0.0|INFORM|FME Configuration: FME_HOME is `D:\Program Files\FME\'
2022-01-18 01:26:46|   0.1|  0.0|INFORM|FME Configuration: Start freeing memory when the process exceeds 47.63 GB
2022-01-18 01:26:46|   0.1|  0.0|INFORM|FME Configuration: Stop freeing memory when the process is below 35.73 GB
2022-01-18 01:26:46|   0.2|  0.1|INFORM|Creating writer for format: 
2022-01-18 01:26:46|   0.2|  0.0|INFORM|Creating reader for format: 
2022-01-18 01:26:46|   0.2|  0.0|INFORM|MULTI_READER(MULTI_READER): Will fail with first member reader failure
2022-01-18 01:26:46|   0.2|  0.0|INFORM|MULTI_READER(MULTI_READER): Adding SHAPEFILE Reader with keyword SHAPEFILE_1
2022-01-18 01:26:46|   0.2|  0.0|INFORM|Using Multi Reader with keyword `MULTI_READER' to read multiple datasets
2022-01-18 01:26:46|   0.3|  0.1|INFORM|Creating reader for format: Esri Shapefile
2022-01-18 01:26:46|   0.4|  0.1|INFORM|Trying to find a DYNAMIC plugin for reader named `SHAPEFILE'
2022-01-18 01:26:47|   0.4|  0.0|INFORM|Loaded module 'SHAPEFILE' from file 'D:\Program Files\FME\plugins/shapefile_dbase.dll'
2022-01-18 01:26:47|   0.4|  0.0|INFORM|FME API version of module 'SHAPEFILE' matches current internal version (3.8 20210302)
2022-01-18 01:26:47|   0.5|  0.1|INFORM|The OGC definition of the FME coordinate system 'ETRS89.PolandCS92' is 'PROJCS["ETRS_1989_Poland_CS92",GEOGCS["GCS_ETRS_1989",DATUM["D_ETRS_1989",SPHEROID["GRS_1980",6378137.0,298.257222101]],PRIMEM["Greenwich",0.0],UNIT["Degree",0.0174532925199433]],PROJECTION["Transverse_Mercator"],PARAMETER["False_Easting",500000.0],PARAMETER["False_Northing",-5300000.0],PARAMETER["Central_Meridian",19.0],PARAMETER["Scale_Factor",0.9993],PARAMETER["Latitude_Of_Origin",0.0],UNIT["Meter",1.0]]'
2022-01-18 01:26:47|   0.5|  0.0|INFORM|Shapefile reader: Reading dataset with encoding 'UTF-8' as determined by 'Codepage File'
2022-01-18 01:26:47|   0.5|  0.0|INFORM|Using MultiWriter with keyword `MULTI_WRITER' to output data (ID_ATTRIBUTE is `multi_writer_id')
2022-01-18 01:26:47|   0.5|  0.0|INFORM|Writer output will be ordered by value of multi_writer_id
2022-01-18 01:26:47|   0.5|  0.0|INFORM|Loaded module 'Python_func' from file 'D:\Program Files\FME\plugins/Python_func.dll'
2022-01-18 01:26:47|   0.5|  0.0|INFORM|FME API version of module 'Python_func' matches current internal version (3.8 20210302)
2022-01-18 01:26:47|   0.5|  0.0|INFORM|Loaded module 'LogCount_func' from file 'D:\Program Files\FME\plugins/LogCount_func.dll'
2022-01-18 01:26:47|   0.5|  0.0|INFORM|FME API version of module 'LogCount_func' matches current internal version (3.8 20210302)
2022-01-18 01:26:47|   0.5|  0.0|INFORM|FME Configuration: Using FME Reprojection Engine
2022-01-18 01:26:47|   0.5|  0.0|INFORM|Loaded module 'TextEncoderFactory' from file 'D:\Program Files\FME\plugins/TextEncoderFactory.dll'
2022-01-18 01:26:47|   0.5|  0.0|INFORM|FME API version of module 'TextEncoderFactory' matches current internal version (3.8 20210302)
2022-01-18 01:26:47|   0.5|  0.0|INFORM|Loaded module 'Geometry_func' from file 'D:\Program Files\FME\plugins/Geometry_func.dll'
2022-01-18 01:26:47|   0.5|  0.0|INFORM|FME API version of module 'Geometry_func' matches current internal version (3.8 20210302)
2022-01-18 01:26:47|   0.6|  0.1|INFORM|Loaded module 'HTTPFactory' from file 'D:\Program Files\FME\plugins/HTTPFactory.dll'
2022-01-18 01:26:47|   0.6|  0.0|INFORM|FME API version of module 'HTTPFactory' matches current internal version (3.8 20210302)
2022-01-18 01:26:47|   0.6|  0.0|INFORM|... Last line repeated 2 times ...
2022-01-18 01:26:47|   0.6|  0.0|INFORM|Loaded module 'XFMapFactory' from file 'D:\Program Files\FME\plugins/XFMapFactory.dll'
2022-01-18 01:26:47|   0.6|  0.0|INFORM|FME API version of module 'XFMapFactory' matches current internal version (3.8 20210302)
2022-01-18 01:26:47|   0.6|  0.0|INFORM|FME API version of module 'XFMapFactory' matches current internal version (3.8 20210302)
2022-01-18 01:26:47|   0.6|  0.0|INFORM|FME API version of module 'HTTPFactory' matches current internal version (3.8 20210302)
2022-01-18 01:26:47|   0.6|  0.0|INFORM|FME API version of module 'XFMapFactory' matches current internal version (3.8 20210302)
2022-01-18 01:26:47|   0.6|  0.0|INFORM|FME API version of module 'HTTPFactory' matches current internal version (3.8 20210302)
2022-01-18 01:26:47|   0.6|  0.0|INFORM|Loaded module 'PythonFactory' from file 'D:\Program Files\FME\plugins/PythonFactory.dll'
2022-01-18 01:26:47|   0.6|  0.0|INFORM|FME API version of module 'PythonFactory' matches current internal version (3.8 20210302)
2022-01-18 01:26:47|   0.7|  0.1|INFORM|Loaded module 'QueryFactory' from file 'D:\Program Files\FME\plugins/QueryFactory.dll'
2022-01-18 01:26:47|   0.7|  0.0|INFORM|FME API version of module 'QueryFactory' matches current internal version (3.8 20210302)
2022-01-18 01:26:47|   0.7|  0.0|INFORM|FME API version of module 'QueryFactory' matches current internal version (3.8 20210302)
2022-01-18 01:26:47|   0.7|  0.0|INFORM|FME API version of module 'XFMapFactory' matches current internal version (3.8 20210302)
2022-01-18 01:26:47|   0.7|  0.0|INFORM|SentinelDownloader_StatisticsCalculator_SummaryExploder (ElementFactory): Using LEAN_AND_MEAN processing mode
2022-01-18 01:26:47|   0.7|  0.0|INFORM|Loaded module 'RasterProperties_func' from file 'D:\Program Files\FME\plugins/RasterProperties_func.dll'
2022-01-18 01:26:47|   0.7|  0.0|INFORM|FME API version of module 'RasterProperties_func' matches current internal version (3.8 20210302)
2022-01-18 01:26:48|   0.7|  0.0|INFORM|Loaded module 'RasterNodata_func' from file 'D:\Program Files\FME\plugins/RasterNodata_func.dll'
2022-01-18 01:26:48|   0.7|  0.0|INFORM|FME API version of module 'RasterNodata_func' matches current internal version (3.8 20210302)
2022-01-18 01:26:48|   0.7|  0.0|INFORM|Loaded module 'RasterEvaluationFactory' from file 'D:\Program Files\FME\plugins/RasterEvaluationFactory.dll'
2022-01-18 01:26:48|   0.7|  0.0|INFORM|FME API version of module 'RasterEvaluationFactory' matches current internal version (3.8 20210302)
2022-01-18 01:26:48|   0.7|  0.0|INFORM|... Last line repeated 2 times ...
2022-01-18 01:26:48|   0.7|  0.0|INFORM|Loaded module 'RasterPaletteAttributes_func' from file 'D:\Program Files\FME\plugins/RasterPaletteAttributes_func.dll'
2022-01-18 01:26:48|   0.7|  0.0|INFORM|FME API version of module 'RasterPaletteAttributes_func' matches current internal version (3.8 20210302)
2022-01-18 01:26:48|   0.7|  0.0|INFORM|FME API version of module 'RasterEvaluationFactory' matches current internal version (3.8 20210302)
2022-01-18 01:26:48|   0.7|  0.0|INFORM|Loaded module 'RasterClippingFactory' from file 'D:\Program Files\FME\plugins/RasterClippingFactory.dll'
2022-01-18 01:26:48|   0.7|  0.0|INFORM|FME API version of module 'RasterClippingFactory' matches current internal version (3.8 20210302)
2022-01-18 01:26:48|   0.8|  0.1|INFORM|Loaded module 'SolidIntersectionFactory' from file 'D:\Program Files\FME\plugins/SolidIntersectionFactory.dll'
2022-01-18 01:26:48|   0.8|  0.0|INFORM|FME API version of module 'SolidIntersectionFactory' matches current internal version (3.8 20210302)
2022-01-18 01:26:48|   0.8|  0.0|INFORM|Loaded module 'RasterStatisticsFactory' from file 'D:\Program Files\FME\plugins/RasterStatisticsFactory.dll'
2022-01-18 01:26:48|   0.8|  0.0|INFORM|FME API version of module 'RasterStatisticsFactory' matches current internal version (3.8 20210302)
2022-01-18 01:26:48|   0.8|  0.0|INFORM|FME API version of module 'PythonFactory' matches current internal version (3.8 20210302)
2022-01-18 01:26:48|   0.8|  0.0|INFORM|Loaded module 'InspectorFactory' from file 'D:\Program Files\FME\plugins/InspectorFactory.dll'
2022-01-18 01:26:48|   0.8|  0.0|INFORM|FME API version of module 'InspectorFactory' matches current internal version (3.8 20210302)
2022-01-18 01:26:48|   0.8|  0.0|INFORM|FME Configuration: Source coordinate system for reader SHAPEFILE_1[SHAPEFILE] set to `ETRS89.PolandCS92' as read from input data
2022-01-18 01:26:48|   0.8|  0.0|INFORM|Coordinate System `ETRS89.PolandCS92' parameters: CS_NAME=`ETRS89.PolandCS92' DESC_NM=`ETRS89 / Poland CS92' DT_NAME=`ETRS89/01' EPSG_QD=`-1' GROUP=`EUROPE' MAP_SCL=`1' MAX_LAT=`56.65' MAX_LNG=`25.416666666666668' MIN_LAT=`48.333333333333336' MIN_LNG=`12.883333333333333' PARM1=`19' PROJ=`TM' QUAD=`1' SCL_RED=`0.9993' SOURCE=`EPSG, V6.3, 2180 [Medium and small scale topographic mappi]' UNIT=`Meter' X_OFF=`500000' Y_OFF=`-5300000' ZERO_X=`0.0001' ZERO_Y=`0.0001'
2022-01-18 01:26:48|   0.8|  0.0|STATS |Storing feature(s) to FME feature store file `C:\Users\Nadia\AppData\Local\Temp\wb-cache-cw11-MJGMQP\Main_Powiaty -1 2 -1  0  f3c3478db0c62bd6a0af121b30f33be8fdf4b73f.ffsupdating'
2022-01-18 01:26:48|   0.8|  0.0|INFORM|FFS writer: Writing 380 feature(s) to file 'C:\Users\Nadia\AppData\Local\Temp\wb-cache-cw11-MJGMQP\Main_Powiaty -1 2 -1  0  f3c3478db0c62bd6a0af121b30f33be8fdf4b73f.fts'
2022-01-18 01:26:48|   1.0|  0.2|INFORM|Spatial Index: Adding 380 features
2022-01-18 01:26:48|   1.1|  0.1|STATS |Storing feature(s) to FME feature store file `C:\Users\Nadia\AppData\Local\Temp\wb-cache-cw11-MJGMQP\Main_TestFilter -1 3 fo 1 _lt_lt_gt_UNFILTERED_lt_gt_gt_  0  f6eed7939107be8048cb43631bb20f078c31871b.ffsupdating'
2022-01-18 01:26:48|   1.1|  0.0|INFORM|FFS writer: Writing 379 feature(s) to file 'C:\Users\Nadia\AppData\Local\Temp\wb-cache-cw11-MJGMQP\Main_TestFilter -1 3 fo 1 _lt_lt_gt_UNFILTERED_lt_gt_gt_  0  f6eed7939107be8048cb43631bb20f078c31871b.fts'
2022-01-18 01:26:48|   1.2|  0.1|INFORM|Spatial Index: Adding 379 features
2022-01-18 01:26:48|   1.2|  0.0|STATS |Storing feature(s) to FME feature store file `C:\Users\Nadia\AppData\Local\Temp\wb-cache-cw11-MJGMQP\Main_TestFilter -1 3 fo 0 _lt_at_gt_Value_lt_openparen_gt_JPT_NAZWA__lt_closeparen_gt  0  1a004a5b2c70fd9552bf7f6ff54368d2f99ea16c.ffsupdating'
2022-01-18 01:26:48|   1.2|  0.0|INFORM|FFS writer: Writing 1 feature(s) to file 'C:\Users\Nadia\AppData\Local\Temp\wb-cache-cw11-MJGMQP\Main_TestFilter -1 3 fo 0 _lt_at_gt_Value_lt_openparen_gt_JPT_NAZWA__lt_closeparen_gt  0  1a004a5b2c70fd9552bf7f6ff54368d2f99ea16c.fts'
2022-01-18 01:26:48|   1.2|  0.0|INFORM|Spatial Index: Adding 1 features
2022-01-18 01:26:48|   1.3|  0.1|INFORM|CS-MAP Reprojector: Transformation will be automatically selected for 'ETRS89.PolandCS92' -> 'LL84', and is not guaranteed to remain the same in future releases of FME
2022-01-18 01:26:49|   1.3|  0.0|INFORM|Reprojector: Using transformation `ETRS89/01_to_WGS84,Forward(Geocentric)' when reprojecting from ETRS89.PolandCS92 to LL84
2022-01-18 01:26:49|   1.4|  0.1|STATS |Storing feature(s) to FME feature store file `C:\Users\Nadia\AppData\Local\Temp\wb-cache-cw11-MJGMQP\Main_Reprojector -1 16 fo 0 REPROJECTED  0  ba68a25555fe14774f80d47156ea4fc0b0647623.ffsupdating'
2022-01-18 01:26:49|   1.4|  0.0|INFORM|FFS writer: Writing 1 feature(s) to file 'C:\Users\Nadia\AppData\Local\Temp\wb-cache-cw11-MJGMQP\Main_Reprojector -1 16 fo 0 REPROJECTED  0  ba68a25555fe14774f80d47156ea4fc0b0647623.fts'
2022-01-18 01:26:49|   1.4|  0.0|INFORM|Spatial Index: Adding 1 features
2022-01-18 01:26:49|   1.5|  0.1|STATS |Storing feature(s) to FME feature store file `C:\Users\Nadia\AppData\Local\Temp\wb-cache-cw11-MJGMQP\SentinelDownloader_Initiator 1 2 0  0  047bfd9f7a411c48bc62146801b0504d08d84776.ffsupdating'
2022-01-18 01:26:49|   1.5|  0.0|INFORM|FFS writer: Writing 1 feature(s) to file 'C:\Users\Nadia\AppData\Local\Temp\wb-cache-cw11-MJGMQP\SentinelDownloader_Initiator 1 2 0  0  047bfd9f7a411c48bc62146801b0504d08d84776.fts'
2022-01-18 01:26:49|   1.5|  0.0|INFORM|Spatial Index: Adding 1 features
2022-01-18 01:26:49|   1.5|  0.0|INFORM|SentinelDownloader_TextEncoder (TextEncoderFactory): Splitting bulk features into individual features
2022-01-18 01:26:49|   1.5|  0.0|STATS |Storing feature(s) to FME feature store file `C:\Users\Nadia\AppData\Local\Temp\wb-cache-cw11-MJGMQP\SentinelDownloader_TextEncoder 1 39 fo 0 OUTPUT  0  b3ab0da8f777968bcddab836f8efd1711cfbe626.ffsupdating'
2022-01-18 01:26:49|   1.5|  0.0|STATS |Storing feature(s) to FME feature store file `C:\Users\Nadia\AppData\Local\Temp\wb-cache-cw11-MJGMQP\SentinelDownloader_VariableSetter 1 40 fo 0 OUTPUT  0  911debd46e75aaeb5d83e96671b61046c755b021.ffsupdating'
2022-01-18 01:26:49|   1.6|  0.1|STATS |Storing feature(s) to FME feature store file `C:\Users\Nadia\AppData\Local\Temp\wb-cache-cw11-MJGMQP\SentinelDownloader_GeometryFilter 1 27 fo 1 AREA  0  0914bfc1be0ed5aebcb7b4dbbc17f45d73296a46.ffsupdating'
2022-01-18 01:26:49|   1.6|  0.0|STATS |Storing feature(s) to FME feature store file `C:\Users\Nadia\AppData\Local\Temp\wb-cache-cw11-MJGMQP\SentinelDownloader_BoundingBoxReplacer 1 50 fo 0 BOX  0  4cc32225bacc10b50710781c47f8c70ae1047617.ffsupdating'
2022-01-18 01:26:49|   1.7|  0.1|STATS |Storing feature(s) to FME feature store file `C:\Users\Nadia\AppData\Local\Temp\wb-cache-cw11-MJGMQP\SentinelDownloader_CoordinateExtractor_2 1 26 fo 0 OUTPUT  0  8d02d5d4c7bada55a3d23fdd1c6be9343d7c6801.ffsupdating'
2022-01-18 01:26:49|   1.7|  0.0|STATS |Storing feature(s) to FME feature store file `C:\Users\Nadia\AppData\Local\Temp\wb-cache-cw11-MJGMQP\SentinelDownloader_AttributeCreator_2 1 31 fo 0 OUTPUT  0  f2203ec3f6a5b756a7fa74ea89ceb88a8bd7ffd3.ffsupdating'
2022-01-18 01:26:50|   2.4|  0.7|INFORM|SentinelDownloader_HTTPCaller (HTTPFactory): [1]: Starting HTTP download from 'scihub.copernicus.eu'
2022-01-18 01:26:50|   2.4|  0.0|INFORM|SentinelDownloader_HTTPCaller (HTTPFactory): [1]: HTTP transfer summary (scihub.copernicus.eu): status code: 200, download size: 2744 bytes, DNS lookup time: 75 ms, total transfer time: 763 ms
2022-01-18 01:26:50|   2.4|  0.0|STATS |Storing feature(s) to FME feature store file `C:\Users\Nadia\AppData\Local\Temp\wb-cache-cw11-MJGMQP\SentinelDownloader_HTTPCaller 1 17 fo 0 Output  0  65e525d42ba95dde6ff368fd804046ef03486cfa.ffsupdating'
2022-01-18 01:26:50|   2.5|  0.1|STATS |Storing feature(s) to FME feature store file `C:\Users\Nadia\AppData\Local\Temp\wb-cache-cw11-MJGMQP\SentinelDownloader_XMLFragmenter 1 21 fo 0 FRAGMENTS  0  6f8bb4bb6e833f54a5c6f4364e71621a2750b09e.ffsupdating'
2022-01-18 01:26:50|   2.5|  0.0|STATS |Storing feature(s) to FME feature store file `C:\Users\Nadia\AppData\Local\Temp\wb-cache-cw11-MJGMQP\SentinelDownloader_Tester_2 1 32 fo 1 FAILED  0  86d1b6a88429f608b70a3c4dbbf36344eb5b3d7c.ffsupdating'
2022-01-18 01:26:50|   2.5|  0.0|STATS |Storing feature(s) to FME feature store file `C:\Users\Nadia\AppData\Local\Temp\wb-cache-cw11-MJGMQP\SentinelDownloader_Tester_6 1 63 fo 0 PASSED  0  2fd8a78a1a11e0fa72e284bf42f8154b985051c5.ffsupdating'
2022-01-18 01:26:50|   2.7|  0.2|STATS |Storing feature(s) to FME feature store file `C:\Users\Nadia\AppData\Local\Temp\wb-cache-cw11-MJGMQP\SentinelDownloader_XMLFlattener_2 1 37 fo 0 OUTPUT  0  3e0f003cf78907b52f46f71c519faa76b8dbb676.ffsupdating'
2022-01-18 01:26:50|   2.7|  0.0|STATS |Storing feature(s) to FME feature store file `C:\Users\Nadia\AppData\Local\Temp\wb-cache-cw11-MJGMQP\SentinelDownloader_VariableRetriever_2 1 42 fo 0 OUTPUT  0  d51b2446dbbc26b33827e2b556a87b50d9fdf526.ffsupdating'
2022-01-18 01:26:52|   4.2|  1.5|INFORM|SentinelDownloader_HTTPCaller_4 (HTTPFactory): [2]: Starting HTTP download from 'scihub.copernicus.eu'. Expected transfer size: 830.86 MB
2022-01-18 01:27:05|  17.8| 13.6|INFORM|SentinelDownloader_HTTPCaller_4 (HTTPFactory): [2]: HTTP Download: received 10.00 MB
