2022-01-25 23:22:56|   0.0|  0.0|INFORM|Current FME version: FME 2021.2.0.0 (20211029 - Build 21784 - WIN64)
2022-01-25 23:22:56|   0.0|  0.0|INFORM|FME_HOME is 'D:\Program Files\FME\'
2022-01-25 23:22:56|   0.0|  0.0|INFORM|FME Trial Edition (node locked-crc)
2022-01-25 23:22:56|   0.0|  0.0|INFORM|Serial Number: 0
2022-01-25 23:22:56|   0.0|  0.0|INFORM|Temporary License: 8 days left.
2022-01-25 23:22:56|   0.0|  0.0|INFORM|Machine host name is: LAPTOP-LD8KBQ70
2022-01-25 23:22:56|   0.0|  0.0|INFORM|Locale: pl_PL
2022-01-25 23:22:56|   0.0|  0.0|INFORM|System Encoding: windows-1250
2022-01-25 23:22:56|   0.0|  0.0|INFORM|FME Configuration: FME_BASE is 'no'
2022-01-25 23:22:56|   0.0|  0.0|INFORM|FME Configuration: FME_MF_DIR is 'C:\Users\Nadia\Desktop\STUDIA\BAZY_DANYCH_PRZESTRZENNYCH\cw12/'
2022-01-25 23:22:56|   0.0|  0.0|INFORM|FME Configuration: FME_MF_NAME is 'cw12.fmw'
2022-01-25 23:22:56|   0.0|  0.0|INFORM|FME Configuration: FME_PRODUCT_NAME is 'FME(R) 2021.2.0.0'
2022-01-25 23:22:56|   0.0|  0.0|INFORM|Operating System: Microsoft Windows 10 64-bit  (Build 19043)
2022-01-25 23:22:56|   0.0|  0.0|INFORM|FME Platform: WIN64
2022-01-25 23:22:56|   0.0|  0.0|INFORM|System Status: 18.37 GB of disk space available in the FME temporary folder (C:\Users\Nadia\AppData\Local\Temp\wbrun_1643148734389_18568\fmetmp_9)
2022-01-25 23:22:56|   0.0|  0.0|INFORM|System Status: 15.88 GB of physical memory available
2022-01-25 23:22:56|   0.0|  0.0|INFORM|System Status: 63.51 GB of virtual memory available
2022-01-25 23:22:56|   0.0|  0.0|INFORM|START - ProcessID: 16840, peak process memory usage: 41384 kB, current process memory usage: 41384 kB
2022-01-25 23:22:56|   0.0|  0.0|INFORM|FME Configuration: Command line arguments are `D:\Program Files\FME\fme.exe' `C:/Users/Nadia/Desktop/STUDIA/BAZY_DANYCH_PRZESTRZENNYCH/cw12\wb-xlate-1643149371957_18568' `LOG_STANDARDOUT' `YES' `LogCountServerName' `{0033497d-b739-49ed-ab5f-64fe58a4159c}'
2022-01-25 23:22:56|   0.0|  0.0|INFORM|FME Configuration: Connection Storage: 'C:\Users\Nadia\AppData\Roaming\Safe Software\FME\'
2022-01-25 23:22:56|   0.0|  0.0|INFORM|Shared folders for formats are : D:\Program Files\FME\datasources;C:\Users\Nadia\Documents\FME\Formats
2022-01-25 23:22:56|   0.0|  0.0|INFORM|Shared folders for transformers are : C:\Users\Nadia\AppData\Roaming\Safe Software\FME\Packages\21784-win64\transformers;D:\Program Files\FME\transformers;C:\Users\Nadia\AppData\Roaming\Safe Software\FME\FME Store\Transformers
2022-01-25 23:22:56|   0.0|  0.0|INFORM|Shared folders for coordinate systems are : C:\Users\Nadia\Documents\FME\CoordinateSystems
2022-01-25 23:22:56|   0.0|  0.0|INFORM|Shared folders for coordinate system exceptions are : C:\Users\Nadia\Documents\FME\CoordinateSystemExceptions
2022-01-25 23:22:56|   0.0|  0.0|INFORM|Shared folders for coordinate system grid overrides are : C:\Users\Nadia\Documents\FME\CoordinateSystemGridOverrides
2022-01-25 23:22:56|   0.0|  0.0|INFORM|Shared folders for CS-MAP transformation exceptions are : C:\Users\Nadia\Documents\FME\CsmapTransformationExceptions
2022-01-25 23:22:56|   0.0|  0.0|INFORM|Shared folders for transformer categories are : C:\Users\Nadia\Documents\FME\TransformerCategories
2022-01-25 23:22:56|   0.0|  0.0|INFORM|FME Configuration: Reader Keyword is `MULTI_READER'
2022-01-25 23:22:56|   0.0|  0.0|INFORM|FME Configuration: Writer Keyword is `MULTI_WRITER'
2022-01-25 23:22:56|   0.0|  0.0|INFORM|FME Configuration: Writer Group Definition Keyword is `MULTI_WRITER_DEF'
2022-01-25 23:22:56|   0.0|  0.0|INFORM|FME Configuration: Reader type is `MULTI_READER'
2022-01-25 23:22:56|   0.0|  0.0|INFORM|FME Configuration: Writer type is `MULTI_WRITER'
2022-01-25 23:22:56|   0.0|  0.0|INFORM|FME Configuration: No destination coordinate system set
2022-01-25 23:22:56|   0.0|  0.0|INFORM|FME Configuration: Current working folder is `C:\Users\Nadia\Desktop\STUDIA\BAZY_DANYCH_PRZESTRZENNYCH\cw12'
2022-01-25 23:22:56|   0.0|  0.0|INFORM|FME Configuration: Temporary folder is `C:\Users\Nadia\AppData\Local\Temp\wbrun_1643148734389_18568\fmetmp_9', set from environment variable `FME_TEMP'
2022-01-25 23:22:56|   0.0|  0.0|INFORM|FME Configuration: Cache folder is 'C:\Users\Nadia\AppData\Local\Temp'
2022-01-25 23:22:56|   0.0|  0.0|INFORM|FME Configuration: FME_HOME is `D:\Program Files\FME\'
2022-01-25 23:22:56|   0.0|  0.0|INFORM|FME Configuration: Start freeing memory when the process exceeds 47.63 GB
2022-01-25 23:22:56|   0.0|  0.0|INFORM|FME Configuration: Stop freeing memory when the process is below 35.73 GB
2022-01-25 23:22:56|   0.0|  0.0|INFORM|Creating writer for format: 
2022-01-25 23:22:56|   0.0|  0.0|INFORM|Creating reader for format: 
2022-01-25 23:22:56|   0.0|  0.0|INFORM|MULTI_READER(MULTI_READER): Will fail with first member reader failure
2022-01-25 23:22:56|   0.0|  0.0|INFORM|Using Multi Reader with keyword `MULTI_READER' to read multiple datasets
2022-01-25 23:22:56|   0.0|  0.0|INFORM|Using MultiWriter with keyword `MULTI_WRITER' to output data (ID_ATTRIBUTE is `multi_writer_id')
2022-01-25 23:22:56|   0.0|  0.0|INFORM|Writer output will be ordered by value of multi_writer_id
2022-01-25 23:22:56|   0.0|  0.0|INFORM|Loaded module 'LogCount_func' from file 'D:\Program Files\FME\plugins/LogCount_func.dll'
2022-01-25 23:22:56|   0.0|  0.0|INFORM|FME API version of module 'LogCount_func' matches current internal version (3.8 20210302)
2022-01-25 23:22:56|   0.0|  0.0|INFORM|Emptying factory pipeline
2022-01-25 23:22:56|   0.0|  0.0|STATS |Router and Unexpected Input Remover (RoutingFactory): Tested 0 input feature(s), wrote 0 output feature(s): 0 matched merge filters, 0 were routed to output, 0 could not be routed.
2022-01-25 23:22:56|   0.0|  0.0|STATS |Unexpected Input Remover Nuker (TeeFactory): Cloned 0 input feature(s) into 0 output feature(s)
2022-01-25 23:22:56|   0.0|  0.0|STATS |T2019_KAR_POI_TABLE_SHAPEFILE_1 Splitter (TeeFactory): Cloned 0 input feature(s) into 0 output feature(s)
2022-01-25 23:22:56|   0.0|  0.0|STATS |T2019_KAR_STREET_NODE_SHAPEFILE_1 Splitter (TeeFactory): Cloned 0 input feature(s) into 0 output feature(s)
2022-01-25 23:22:56|   0.0|  0.0|STATS |T2019_KAR_STREETS_SHAPEFILE_1 Splitter (TeeFactory): Cloned 0 input feature(s) into 0 output feature(s)
2022-01-25 23:22:56|   0.0|  0.0|STATS |CSV_CSV2_1 Splitter (TeeFactory): Cloned 0 input feature(s) into 0 output feature(s)
2022-01-25 23:22:56|   0.0|  0.0|STATS |Restoring 1 feature(s) from FME feature store file `C:\Users\Nadia\AppData\Local\Temp\wb-cache-cw12-CUroSE\Main_StatisticsCalculator_2 -1 96 fo 0 SUMMARY  0  dd6e07bbdc5e26deabb6cb75b73c1637eee26200.ffs'
2022-01-25 23:22:56|   0.0|  0.0|STATS |Restoring 21940 feature(s) from FME feature store file `C:\Users\Nadia\AppData\Local\Temp\wb-cache-cw12-CUroSE\Main_LengthCalculator_2 -1 103 fo 0 OUTPUT  0  0daa0813a1ca79333fc251ff266b025e4bdd154b.ffs'
2022-01-25 23:22:56|   0.0|  0.0|STATS |Restoring 20 feature(s) from FME feature store file `C:\Users\Nadia\AppData\Local\Temp\wb-cache-cw12-CUroSE\Main_Clipper -1 38 fo 0 INSIDE  0  abfc3dbec3e29bee9bdd4d83c5d300bb3c387a59.ffs'
2022-01-25 23:22:56|   0.0|  0.0|STATS |Restoring 20 feature(s) from FME feature store file `C:\Users\Nadia\AppData\Local\Temp\wb-cache-cw12-CUroSE\Main_Clipper -1 38 fo 0 INSIDE  0  abfc3dbec3e29bee9bdd4d83c5d300bb3c387a59.ffs'
2022-01-25 23:22:56|   0.0|  0.0|INFORM|Clipper_INSIDE_1_WdTwwzY43qU=_-1_74_Player (RecorderFactory): Played back 20 feature(s) from file `C:\Users\Nadia\AppData\Local\Temp\wb-cache-cw12-CUroSE\Main_Clipper -1 38 fo 0 INSIDE  0  abfc3dbec3e29bee9bdd4d83c5d300bb3c387a59.ffs'
2022-01-25 23:22:56|   0.0|  0.0|INFORM|Creating writer for format: GeoJSON (Geographic JavaScript Object Notation)
2022-01-25 23:22:56|   0.1|  0.1|INFORM|Trying to find a DYNAMIC plugin for writer named `GEOJSON'
2022-01-25 23:22:56|   0.1|  0.0|INFORM|Loaded module 'GEOJSON' from file 'D:\Program Files\FME\plugins/JSON.dll'
2022-01-25 23:22:56|   0.1|  0.0|INFORM|FME API version of module 'GEOJSON' matches current internal version (3.8 20210302)
2022-01-25 23:22:56|   0.1|  0.0|INFORM|FME Configuration: No destination coordinate system set
2022-01-25 23:22:56|   0.1|  0.0|INFORM|FME API version of module 'GEOJSON' matches current internal version (3.8 20210302)
2022-01-25 23:22:56|   0.1|  0.0|INFORM|Writer `GEOJSON_1' of type `GEOJSON' using group definition keyword `GEOJSON_1_DEF'
2022-01-25 23:22:56|   0.1|  0.0|INFORM|FME API version of module 'GEOJSON' matches current internal version (3.8 20210302)
2022-01-25 23:22:56|   0.1|  0.0|INFORM|GeoJSON Writer: All features not in WGS84 will be reprojected to WGS84
2022-01-25 23:22:56|   0.1|  0.0|INFORM|Opening the GEOJSON writer with destination dataset 'C:\Users\Nadia\Desktop\STUDIA\BAZY_DANYCH_PRZESTRZENNYCH\cw12\GeoJSON\Znalezione_Poi's.json'
2022-01-25 23:22:56|   0.1|  0.0|INFORM|FME Configuration: Destination coordinate system set to input coordinate system `DHDN.Berlin/Cassini'
2022-01-25 23:22:56|   0.2|  0.1|INFORM|FME Configuration: Using FME Reprojection Engine
2022-01-25 23:22:56|   0.2|  0.0|INFORM|CS-MAP Reprojector: Transformation will be automatically selected for 'DHDN.Berlin/Cassini' -> 'LL84', and is not guaranteed to remain the same in future releases of FME
2022-01-25 23:22:56|   0.3|  0.1|INFORM|Reprojector: Using transformation `DHDN_to_ETRS89/01_8_ntv2_BeTA2007_FME,Forward(Grid File Interpolation,EPSG:15948)' when reprojecting from DHDN.Berlin/Cassini to LL84
2022-01-25 23:22:56|   0.3|  0.0|INFORM|Reprojector:`DHDN_to_ETRS89/01_8_ntv2_BeTA2007_FME,Forward(Grid File Interpolation,EPSG:15948)' will use the following grid shift files:
2022-01-25 23:22:56|   0.3|  0.0|INFORM|Reprojector:     D:\Program Files\FME\Reproject\EsriPEGridData\ntv2\germany\BeTA2007.gsb
2022-01-25 23:22:56|   0.3|  0.0|INFORM|Reprojector: If a point is outside the usable range of 'DHDN_to_ETRS89/01_8_ntv2_BeTA2007_FME' the following fallback transformation will be used: 'DHDN_to_WGS84,Forward(Seven Parameter,EPSG:1673)'
2022-01-25 23:22:56|   0.3|  0.0|INFORM|Reprojector: Using transformation `ETRS89/01_to_WGS84,Forward(Geocentric)' when reprojecting from DHDN.Berlin/Cassini to LL84
2022-01-25 23:22:56|   0.3|  0.0|INFORM|Clipper_INSIDE_0_PMBiwD96aMs=_-1_78_Player (RecorderFactory): Played back 20 feature(s) from file `C:\Users\Nadia\AppData\Local\Temp\wb-cache-cw12-CUroSE\Main_Clipper -1 38 fo 0 INSIDE  0  abfc3dbec3e29bee9bdd4d83c5d300bb3c387a59.ffs'
2022-01-25 23:22:57|   1.0|  0.7|INFORM|LengthCalculator_2_OUTPUT_-1_106_Player (RecorderFactory): Played back 21940 feature(s) from file `C:\Users\Nadia\AppData\Local\Temp\wb-cache-cw12-CUroSE\Main_LengthCalculator_2 -1 103 fo 0 OUTPUT  0  0daa0813a1ca79333fc251ff266b025e4bdd154b.ffs'
2022-01-25 23:22:57|   1.0|  0.0|INFORM|StatisticsCalculator_2_SUMMARY_-1_100_Player (RecorderFactory): Played back 1 feature(s) from file `C:\Users\Nadia\AppData\Local\Temp\wb-cache-cw12-CUroSE\Main_StatisticsCalculator_2 -1 96 fo 0 SUMMARY  0  dd6e07bbdc5e26deabb6cb75b73c1637eee26200.ffs'
2022-01-25 23:22:57|   1.0|  0.0|STATS |Destination Feature Type Routing Correlator (RoutingFactory): Tested 21981 input feature(s), wrote 21981 output feature(s): 0 matched merge filters, 21981 were routed to output, 0 could not be routed.
2022-01-25 23:22:57|   1.0|  0.0|STATS |Final Output Nuker (TeeFactory): Cloned 0 input feature(s) into 0 output feature(s)
2022-01-25 23:22:57|   1.0|  0.0|INFORM|Closing the GEOJSON writer
2022-01-25 23:22:57|   1.0|  0.0|INFORM|=-=-=-=-=-=-=-=-=-=-=-=-=-=-=-=-=-=-=-=-=-=-=-=-=-=-=-=-=-=-=-=-=-=-=-=-=-=-=-
2022-01-25 23:22:57|   1.0|  0.0|INFORM|Feature output statistics for `GEOJSON' writer using keyword `GEOJSON_1':
2022-01-25 23:22:57|   1.0|  0.0|STATS |=-=-=-=-=-=-=-=-=-=-=-=-=-=-=-=-=-=-=-=-=-=-=-=-=-=-=-=-=-=-=-=-=-=-=-=-=-=-=-
2022-01-25 23:22:57|   1.0|  0.0|STATS |                               Features Written
2022-01-25 23:22:57|   1.0|  0.0|STATS |=-=-=-=-=-=-=-=-=-=-=-=-=-=-=-=-=-=-=-=-=-=-=-=-=-=-=-=-=-=-=-=-=-=-=-=-=-=-=-
2022-01-25 23:22:57|   1.0|  0.0|STATS |Znalezione_POI's                                                            20
2022-01-25 23:22:57|   1.0|  0.0|STATS |==============================================================================
2022-01-25 23:22:57|   1.0|  0.0|STATS |Total Features Written                                                      20
2022-01-25 23:22:57|   1.0|  0.0|STATS |=-=-=-=-=-=-=-=-=-=-=-=-=-=-=-=-=-=-=-=-=-=-=-=-=-=-=-=-=-=-=-=-=-=-=-=-=-=-=-
2022-01-25 23:22:57|   1.0|  0.0|INFORM|MULTI_WRITER: multi_writer_id `1': Started outputting features
2022-01-25 23:22:57|   1.0|  0.0|INFORM|Creating writer for format: Esri Geodatabase (File Geodb Open API)
2022-01-25 23:22:57|   1.0|  0.0|INFORM|Trying to find a DYNAMIC plugin for writer named `FILEGDB'
2022-01-25 23:22:57|   1.0|  0.0|INFORM|Loaded module 'FILEGDB' from file 'D:\Program Files\FME\plugins/FILEGDB.dll'
2022-01-25 23:22:57|   1.0|  0.0|INFORM|FME API version of module 'FILEGDB' matches current internal version (3.8 20210302)
2022-01-25 23:22:57|   1.0|  0.0|INFORM|FME Configuration: No destination coordinate system set
2022-01-25 23:22:57|   1.0|  0.0|INFORM|FME API version of module 'FILEGDB' matches current internal version (3.8 20210302)
2022-01-25 23:22:57|   1.0|  0.0|INFORM|Writer `FILEGDB_1' of type `FILEGDB' using group definition keyword `FILEGDB_1_DEF'
2022-01-25 23:22:57|   1.0|  0.0|INFORM|FME API version of module 'FILEGDB' matches current internal version (3.8 20210302)
2022-01-25 23:22:57|   1.1|  0.1|INFORM|MULTI_WRITER: multi_writer_id `1': Writing feature 1000 
2022-01-25 23:22:57|   1.2|  0.1|INFORM|MULTI_WRITER: multi_writer_id `1': Writing feature 2000 
2022-01-25 23:22:57|   1.2|  0.0|INFORM|MULTI_WRITER: multi_writer_id `1': Writing feature 3000 
2022-01-25 23:22:57|   1.3|  0.1|INFORM|MULTI_WRITER: multi_writer_id `1': Writing feature 4000 
2022-01-25 23:22:57|   1.4|  0.1|INFORM|MULTI_WRITER: multi_writer_id `1': Writing feature 5000 
2022-01-25 23:22:57|   1.4|  0.0|INFORM|MULTI_WRITER: multi_writer_id `1': Writing feature 6000 
2022-01-25 23:22:57|   1.5|  0.1|INFORM|MULTI_WRITER: multi_writer_id `1': Writing feature 7000 
2022-01-25 23:22:57|   1.5|  0.0|INFORM|MULTI_WRITER: multi_writer_id `1': Writing feature 8000 
2022-01-25 23:22:57|   1.7|  0.2|INFORM|MULTI_WRITER: multi_writer_id `1': Writing feature 9000 
2022-01-25 23:22:57|   1.7|  0.0|INFORM|MULTI_WRITER: multi_writer_id `1': Writing feature 10000 
2022-01-25 23:22:58|   1.7|  0.0|INFORM|MULTI_WRITER: multi_writer_id `1': Writing feature 11000 
2022-01-25 23:22:58|   1.8|  0.1|INFORM|MULTI_WRITER: multi_writer_id `1': Writing feature 12000 
2022-01-25 23:22:58|   1.8|  0.0|INFORM|MULTI_WRITER: multi_writer_id `1': Writing feature 13000 
2022-01-25 23:22:58|   1.9|  0.1|INFORM|MULTI_WRITER: multi_writer_id `1': Writing feature 14000 
2022-01-25 23:22:58|   1.9|  0.0|INFORM|MULTI_WRITER: multi_writer_id `1': Writing feature 15000 
2022-01-25 23:22:58|   2.1|  0.2|INFORM|MULTI_WRITER: multi_writer_id `1': Writing feature 16000 
2022-01-25 23:22:58|   2.1|  0.0|INFORM|MULTI_WRITER: multi_writer_id `1': Writing feature 17000 
2022-01-25 23:22:58|   2.2|  0.1|INFORM|MULTI_WRITER: multi_writer_id `1': Writing feature 18000 
2022-01-25 23:22:58|   2.2|  0.0|INFORM|MULTI_WRITER: multi_writer_id `1': Writing feature 19000 
2022-01-25 23:22:58|   2.3|  0.1|INFORM|MULTI_WRITER: multi_writer_id `1': Writing feature 20000 
2022-01-25 23:22:58|   2.4|  0.1|INFORM|MULTI_WRITER: multi_writer_id `1': Writing feature 21000 
2022-01-25 23:22:58|   2.4|  0.0|INFORM|=-=-=-=-=-=-=-=-=-=-=-=-=-=-=-=-=-=-=-=-=-=-=-=-=-=-=-=-=-=-=-=-=-=-=-=-=-=-=-
2022-01-25 23:22:58|   2.4|  0.0|INFORM|Feature output statistics for `FILEGDB' writer using keyword `FILEGDB_1':
2022-01-25 23:22:58|   2.4|  0.0|STATS |=-=-=-=-=-=-=-=-=-=-=-=-=-=-=-=-=-=-=-=-=-=-=-=-=-=-=-=-=-=-=-=-=-=-=-=-=-=-=-
2022-01-25 23:22:58|   2.4|  0.0|STATS |                               Features Written
2022-01-25 23:22:58|   2.4|  0.0|STATS |=-=-=-=-=-=-=-=-=-=-=-=-=-=-=-=-=-=-=-=-=-=-=-=-=-=-=-=-=-=-=-=-=-=-=-=-=-=-=-
2022-01-25 23:22:58|   2.4|  0.0|STATS |Geobaza_ESRI                                                             21941
2022-01-25 23:22:58|   2.4|  0.0|STATS |==============================================================================
2022-01-25 23:22:58|   2.4|  0.0|STATS |Total Features Written                                                   21941
2022-01-25 23:22:58|   2.4|  0.0|STATS |=-=-=-=-=-=-=-=-=-=-=-=-=-=-=-=-=-=-=-=-=-=-=-=-=-=-=-=-=-=-=-=-=-=-=-=-=-=-=-
2022-01-25 23:22:58|   2.4|  0.0|INFORM|MULTI_WRITER: multi_writer_id `1': done writing 21941 feature(s) 
2022-01-25 23:22:58|   2.5|  0.1|INFORM|^^^^^^^^^^^^^^^^^^^^^^^^^^^^^^^^^^^^^^^^^^^^^^^^^^^^^^^^^^^^^^^^^^^^^^^^^^^^^^
2022-01-25 23:22:58|   2.5|  0.0|INFORM|MULTI_WRITER: multi_writer_id `2': Started outputting features
2022-01-25 23:22:58|   2.5|  0.0|INFORM|Creating writer for format: GeoJSON (Geographic JavaScript Object Notation)
2022-01-25 23:22:58|   2.5|  0.0|INFORM|Trying to find a DYNAMIC plugin for writer named `GEOJSON'
2022-01-25 23:22:58|   2.5|  0.0|INFORM|FME API version of module 'GEOJSON' matches current internal version (3.8 20210302)
2022-01-25 23:22:58|   2.5|  0.0|INFORM|FME Configuration: No destination coordinate system set
2022-01-25 23:22:58|   2.5|  0.0|INFORM|FME API version of module 'GEOJSON' matches current internal version (3.8 20210302)
2022-01-25 23:22:58|   2.5|  0.0|INFORM|Writer `GEOJSON_3' of type `GEOJSON' using group definition keyword `GEOJSON_3_DEF'
2022-01-25 23:22:58|   2.5|  0.0|INFORM|FME API version of module 'GEOJSON' matches current internal version (3.8 20210302)
2022-01-25 23:22:58|   2.5|  0.0|INFORM|GeoJSON Writer: All features not in WGS84 will be reprojected to WGS84
2022-01-25 23:22:58|   2.5|  0.0|INFORM|Opening the GEOJSON writer with destination dataset 'C:\Users\Nadia\Desktop\STUDIA\BAZY_DANYCH_PRZESTRZENNYCH\cw12\GeoJSON\Znalezione_POI's_Z_Uwzglednieniem_Kosztow.json'
2022-01-25 23:22:58|   2.5|  0.0|INFORM|FME Configuration: Destination coordinate system set to input coordinate system `DHDN.Berlin/Cassini'
2022-01-25 23:22:58|   2.5|  0.0|INFORM|Closing the GEOJSON writer
2022-01-25 23:22:58|   2.5|  0.0|INFORM|=-=-=-=-=-=-=-=-=-=-=-=-=-=-=-=-=-=-=-=-=-=-=-=-=-=-=-=-=-=-=-=-=-=-=-=-=-=-=-
2022-01-25 23:22:58|   2.5|  0.0|INFORM|Feature output statistics for `GEOJSON' writer using keyword `GEOJSON_3':
2022-01-25 23:22:58|   2.5|  0.0|STATS |=-=-=-=-=-=-=-=-=-=-=-=-=-=-=-=-=-=-=-=-=-=-=-=-=-=-=-=-=-=-=-=-=-=-=-=-=-=-=-
2022-01-25 23:22:58|   2.5|  0.0|STATS |                               Features Written
2022-01-25 23:22:58|   2.5|  0.0|STATS |=-=-=-=-=-=-=-=-=-=-=-=-=-=-=-=-=-=-=-=-=-=-=-=-=-=-=-=-=-=-=-=-=-=-=-=-=-=-=-
2022-01-25 23:22:58|   2.5|  0.0|STATS |Znalezione_POI's_z_uwzglednieniem_kosztow                                   20
2022-01-25 23:22:58|   2.5|  0.0|STATS |==============================================================================
2022-01-25 23:22:58|   2.5|  0.0|STATS |Total Features Written                                                      20
2022-01-25 23:22:58|   2.5|  0.0|STATS |=-=-=-=-=-=-=-=-=-=-=-=-=-=-=-=-=-=-=-=-=-=-=-=-=-=-=-=-=-=-=-=-=-=-=-=-=-=-=-
2022-01-25 23:22:58|   2.5|  0.0|INFORM|MULTI_WRITER: multi_writer_id `2': done writing 20 feature(s) 
2022-01-25 23:22:58|   2.5|  0.0|INFORM|^^^^^^^^^^^^^^^^^^^^^^^^^^^^^^^^^^^^^^^^^^^^^^^^^^^^^^^^^^^^^^^^^^^^^^^^^^^^^^
2022-01-25 23:22:58|   2.5|  0.0|STATS |=-=-=-=-=-=-=-=-=-=-=-=-=-=-=-=-=-=-=-=-=-=-=-=-=-=-=-=-=-=-=-=-=-=-=-=-=-=-=-
2022-01-25 23:22:58|   2.5|  0.0|STATS |                            Features Read Summary
2022-01-25 23:22:58|   2.5|  0.0|STATS |=-=-=-=-=-=-=-=-=-=-=-=-=-=-=-=-=-=-=-=-=-=-=-=-=-=-=-=-=-=-=-=-=-=-=-=-=-=-=-
2022-01-25 23:22:58|   2.5|  0.0|STATS |==============================================================================
2022-01-25 23:22:58|   2.5|  0.0|STATS |Total Features Read                                                          0
2022-01-25 23:22:58|   2.5|  0.0|STATS |=-=-=-=-=-=-=-=-=-=-=-=-=-=-=-=-=-=-=-=-=-=-=-=-=-=-=-=-=-=-=-=-=-=-=-=-=-=-=-
2022-01-25 23:22:58|   2.5|  0.0|STATS |=-=-=-=-=-=-=-=-=-=-=-=-=-=-=-=-=-=-=-=-=-=-=-=-=-=-=-=-=-=-=-=-=-=-=-=-=-=-=-
2022-01-25 23:22:58|   2.5|  0.0|STATS |                           Features Written Summary
2022-01-25 23:22:58|   2.5|  0.0|STATS |=-=-=-=-=-=-=-=-=-=-=-=-=-=-=-=-=-=-=-=-=-=-=-=-=-=-=-=-=-=-=-=-=-=-=-=-=-=-=-
2022-01-25 23:22:58|   2.5|  0.0|STATS |Geobaza_ESRI                                                             21941
2022-01-25 23:22:58|   2.5|  0.0|STATS |Znalezione_POI's                                                            20
2022-01-25 23:22:58|   2.5|  0.0|STATS |Znalezione_POI's_z_uwzglednieniem_kosztow                                   20
2022-01-25 23:22:58|   2.5|  0.0|STATS |==============================================================================
2022-01-25 23:22:58|   2.5|  0.0|STATS |Total Features Written                                                   21981
2022-01-25 23:22:58|   2.5|  0.0|STATS |=-=-=-=-=-=-=-=-=-=-=-=-=-=-=-=-=-=-=-=-=-=-=-=-=-=-=-=-=-=-=-=-=-=-=-=-=-=-=-
2022-01-25 23:22:58|   2.5|  0.0|WARN  |-~-~-~-~-~-~-~-~-~-~-~-~-~-~-~-~-~-~-~-~-~-~-~-~-~-~-~-~-~-~-~-~-~-~-~-~-~-~-~-~-
2022-01-25 23:22:58|   2.5|  0.0|WARN  |-~                                                                             ~-
2022-01-25 23:22:58|   2.5|  0.0|WARN  |-~    Feature caches have been recorded at every stage of the translation.     ~-
2022-01-25 23:22:58|   2.5|  0.0|WARN  |-~                      To inspect the recorded features,                      ~-
2022-01-25 23:22:58|   2.5|  0.0|WARN  |-~              click the feature cache icons next to the ports.               ~-
2022-01-25 23:22:58|   2.5|  0.0|WARN  |-~                                                                             ~-
2022-01-25 23:22:58|   2.5|  0.0|WARN  |-~-~-~-~-~-~-~-~-~-~-~-~-~-~-~-~-~-~-~-~-~-~-~-~-~-~-~-~-~-~-~-~-~-~-~-~-~-~-~-~-
2022-01-25 23:22:58|   2.5|  0.0|INFORM|Translation was SUCCESSFUL with 7 warning(s) (21981 feature(s) output)
2022-01-25 23:22:58|   2.5|  0.0|INFORM|FME Session Duration: 2.6 seconds. (CPU: 1.3s user, 1.2s system)
2022-01-25 23:22:58|   2.5|  0.0|INFORM|END - ProcessID: 16840, peak process memory usage: 131424 kB, current process memory usage: 89856 kB
