2022-01-03 22:44:17|   0.0|  0.0|INFORM|Current FME version: FME 2021.2.0.0 (20211029 - Build 21784 - WIN64)
2022-01-03 22:44:17|   0.0|  0.0|INFORM|FME_HOME is 'D:\Program Files\FME\'
2022-01-03 22:44:17|   0.0|  0.0|INFORM|FME Trial Edition (node locked-crc)
2022-01-03 22:44:17|   0.0|  0.0|INFORM|Serial Number: 0
2022-01-03 22:44:17|   0.0|  0.0|INFORM|Temporary License: 6 days left.
2022-01-03 22:44:17|   0.0|  0.0|INFORM|Machine host name is: LAPTOP-LD8KBQ70
2022-01-03 22:44:17|   0.0|  0.0|INFORM|Locale: pl_PL
2022-01-03 22:44:17|   0.0|  0.0|INFORM|System Encoding: windows-1250
2022-01-03 22:44:17|   0.0|  0.0|INFORM|FME Configuration: FME_BASE is 'no'
2022-01-03 22:44:17|   0.0|  0.0|INFORM|FME Configuration: FME_MF_DIR is 'C:\Users\Nadia\Desktop\STUDIA\BAZY_DANYCH_PRZESTRZENNYCH\cw10/'
2022-01-03 22:44:17|   0.0|  0.0|INFORM|FME Configuration: FME_MF_NAME is 'zad3.fmw'
2022-01-03 22:44:17|   0.0|  0.0|INFORM|FME Configuration: FME_PRODUCT_NAME is 'FME(R) 2021.2.0.0'
2022-01-03 22:44:17|   0.0|  0.0|INFORM|Operating System: Microsoft Windows 10 64-bit  (Build 19043)
2022-01-03 22:44:17|   0.0|  0.0|INFORM|FME Platform: WIN64
2022-01-03 22:44:17|   0.0|  0.0|INFORM|System Status: 3.08 GB of disk space available in the FME temporary folder (C:\Users\Nadia\AppData\Local\Temp\wbrun_1641240378981_3448\fmetmp_1f)
2022-01-03 22:44:17|   0.0|  0.0|INFORM|System Status: 15.88 GB of physical memory available
2022-01-03 22:44:17|   0.0|  0.0|INFORM|System Status: 63.51 GB of virtual memory available
2022-01-03 22:44:17|   0.0|  0.0|INFORM|START - ProcessID: 25000, peak process memory usage: 41700 kB, current process memory usage: 41700 kB
2022-01-03 22:44:17|   0.0|  0.0|INFORM|FME Configuration: Command line arguments are `D:\Program Files\FME\fme.exe' `C:/Users/Nadia/Desktop/STUDIA/BAZY_DANYCH_PRZESTRZENNYCH/cw10\wb-xlate-1641246255188_3448' `LOG_STANDARDOUT' `YES' `LogCountServerName' `{8eb4490a-f14d-4b94-8c90-d99770b65afc}'
2022-01-03 22:44:17|   0.0|  0.0|INFORM|FME Configuration: Connection Storage: 'C:\Users\Nadia\AppData\Roaming\Safe Software\FME\'
2022-01-03 22:44:17|   0.0|  0.0|INFORM|Shared folders for formats are : D:\Program Files\FME\datasources;C:\Users\Nadia\Documents\FME\Formats
2022-01-03 22:44:17|   0.0|  0.0|INFORM|Shared folders for transformers are : C:\Users\Nadia\AppData\Roaming\Safe Software\FME\Packages\21784-win64\transformers;D:\Program Files\FME\transformers;C:\Users\Nadia\AppData\Roaming\Safe Software\FME\FME Store\Transformers
2022-01-03 22:44:17|   0.0|  0.0|INFORM|Shared folders for coordinate systems are : C:\Users\Nadia\Documents\FME\CoordinateSystems
2022-01-03 22:44:17|   0.0|  0.0|INFORM|Shared folders for coordinate system exceptions are : C:\Users\Nadia\Documents\FME\CoordinateSystemExceptions
2022-01-03 22:44:17|   0.0|  0.0|INFORM|Shared folders for coordinate system grid overrides are : C:\Users\Nadia\Documents\FME\CoordinateSystemGridOverrides
2022-01-03 22:44:17|   0.0|  0.0|INFORM|Shared folders for CS-MAP transformation exceptions are : C:\Users\Nadia\Documents\FME\CsmapTransformationExceptions
2022-01-03 22:44:17|   0.0|  0.0|INFORM|Shared folders for transformer categories are : C:\Users\Nadia\Documents\FME\TransformerCategories
2022-01-03 22:44:17|   0.0|  0.0|INFORM|FME Configuration: Reader Keyword is `MULTI_READER'
2022-01-03 22:44:17|   0.0|  0.0|INFORM|FME Configuration: Writer Keyword is `MULTI_WRITER'
2022-01-03 22:44:17|   0.0|  0.0|INFORM|FME Configuration: Writer Group Definition Keyword is `MULTI_WRITER_DEF'
2022-01-03 22:44:17|   0.0|  0.0|INFORM|FME Configuration: Reader type is `MULTI_READER'
2022-01-03 22:44:17|   0.0|  0.0|INFORM|FME Configuration: Writer type is `MULTI_WRITER'
2022-01-03 22:44:17|   0.0|  0.0|INFORM|FME Configuration: No destination coordinate system set
2022-01-03 22:44:17|   0.0|  0.0|INFORM|FME Configuration: Current working folder is `C:\Users\Nadia\Desktop\STUDIA\BAZY_DANYCH_PRZESTRZENNYCH\cw10'
2022-01-03 22:44:17|   0.0|  0.0|INFORM|FME Configuration: Temporary folder is `C:\Users\Nadia\AppData\Local\Temp\wbrun_1641240378981_3448\fmetmp_1f', set from environment variable `FME_TEMP'
2022-01-03 22:44:17|   0.0|  0.0|INFORM|FME Configuration: Cache folder is 'C:\Users\Nadia\AppData\Local\Temp'
2022-01-03 22:44:17|   0.0|  0.0|INFORM|FME Configuration: FME_HOME is `D:\Program Files\FME\'
2022-01-03 22:44:17|   0.0|  0.0|INFORM|FME Configuration: Start freeing memory when the process exceeds 47.63 GB
2022-01-03 22:44:17|   0.0|  0.0|INFORM|FME Configuration: Stop freeing memory when the process is below 35.73 GB
2022-01-03 22:44:17|   0.0|  0.0|INFORM|Creating writer for format: 
2022-01-03 22:44:17|   0.0|  0.0|INFORM|Creating reader for format: 
2022-01-03 22:44:17|   0.0|  0.0|INFORM|MULTI_READER(MULTI_READER): Will fail with first member reader failure
2022-01-03 22:44:17|   0.0|  0.0|INFORM|Using Multi Reader with keyword `MULTI_READER' to read multiple datasets
2022-01-03 22:44:17|   0.0|  0.0|INFORM|Using MultiWriter with keyword `MULTI_WRITER' to output data (ID_ATTRIBUTE is `multi_writer_id')
2022-01-03 22:44:17|   0.0|  0.0|INFORM|Writer output will be ordered by value of multi_writer_id
2022-01-03 22:44:17|   0.0|  0.0|INFORM|Loaded module 'LogCount_func' from file 'D:\Program Files\FME\plugins/LogCount_func.dll'
2022-01-03 22:44:17|   0.0|  0.0|INFORM|FME API version of module 'LogCount_func' matches current internal version (3.8 20210302)
2022-01-03 22:44:17|   0.0|  0.0|INFORM|Emptying factory pipeline
2022-01-03 22:44:17|   0.0|  0.0|STATS |Router and Unexpected Input Remover (RoutingFactory): Tested 0 input feature(s), wrote 0 output feature(s): 0 matched merge filters, 0 were routed to output, 0 could not be routed.
2022-01-03 22:44:17|   0.0|  0.0|STATS |Unexpected Input Remover Nuker (TeeFactory): Cloned 0 input feature(s) into 0 output feature(s)
2022-01-03 22:44:17|   0.0|  0.0|STATS |scotland_and_wales_region_SHAPEFILE_3 Splitter (TeeFactory): Cloned 0 input feature(s) into 0 output feature(s)
2022-01-03 22:44:17|   0.0|  0.0|STATS |TIFF_TIFF_1 Splitter (TeeFactory): Cloned 0 input feature(s) into 0 output feature(s)
2022-01-03 22:44:17|   0.0|  0.0|STATS |Restoring 10 feature(s) from FME feature store file `C:\Users\Nadia\AppData\Local\Temp\wb-cache--qrtXwV\Main_Clipper -1 6 fo 0 INSIDE  0  f23bfbb5078a925abd8e217654d6672cc6e29f9d.ffs'
2022-01-03 22:44:18|   0.2|  0.2|STATS |Restoring 10 feature(s) from FME feature store file `C:\Users\Nadia\AppData\Local\Temp\wb-cache--qrtXwV\Main_Clipper -1 6 fo 0 INSIDE  0  f23bfbb5078a925abd8e217654d6672cc6e29f9d.ffs'
2022-01-03 22:44:18|   0.2|  0.0|INFORM|Clipper_INSIDE_0_PMBiwD96aMs=_-1_11_Player (RecorderFactory): Played back 10 feature(s) from file `C:\Users\Nadia\AppData\Local\Temp\wb-cache--qrtXwV\Main_Clipper -1 6 fo 0 INSIDE  0  f23bfbb5078a925abd8e217654d6672cc6e29f9d.ffs'
2022-01-03 22:44:18|   0.2|  0.0|INFORM|Clipper_INSIDE_1_WdTwwzY43qU=_-1_12_Player (RecorderFactory): Played back 10 feature(s) from file `C:\Users\Nadia\AppData\Local\Temp\wb-cache--qrtXwV\Main_Clipper -1 6 fo 0 INSIDE  0  f23bfbb5078a925abd8e217654d6672cc6e29f9d.ffs'
2022-01-03 22:44:18|   0.2|  0.0|STATS |Destination Feature Type Routing Correlator (RoutingFactory): Tested 20 input feature(s), wrote 20 output feature(s): 0 matched merge filters, 20 were routed to output, 0 could not be routed.
2022-01-03 22:44:18|   0.2|  0.0|STATS |Final Output Nuker (TeeFactory): Cloned 0 input feature(s) into 0 output feature(s)
2022-01-03 22:44:18|   0.2|  0.0|INFORM|MULTI_WRITER: multi_writer_id `1': Started outputting features
2022-01-03 22:44:18|   0.2|  0.0|INFORM|FME Configuration: Using connection values from 'Exports3' for POSTGIS_2
2022-01-03 22:44:18|   0.2|  0.0|INFORM|Creating writer for format: PostGIS
2022-01-03 22:44:18|   0.3|  0.1|INFORM|Trying to find a DYNAMIC plugin for writer named `POSTGIS'
2022-01-03 22:44:18|   0.3|  0.0|INFORM|Loaded module 'POSTGIS' from file 'D:\Program Files\FME\plugins/POSTGIS.dll'
2022-01-03 22:44:18|   0.3|  0.0|INFORM|FME API version of module 'POSTGIS' matches current internal version (3.8 20210302)
2022-01-03 22:44:18|   0.3|  0.0|INFORM|FME Configuration: No destination coordinate system set
2022-01-03 22:44:18|   0.3|  0.0|INFORM|FME API version of module 'POSTGIS' matches current internal version (3.8 20210302)
2022-01-03 22:44:18|   0.3|  0.0|INFORM|Writer `POSTGIS_2' of type `POSTGIS' using group definition keyword `POSTGIS_2_DEF'
2022-01-03 22:44:18|   0.3|  0.0|INFORM|FME API version of module 'POSTGIS' matches current internal version (3.8 20210302)
2022-01-03 22:44:18|   0.3|  0.0|INFORM|Opening POSTGIS writer for dataset 'cw9'...
2022-01-03 22:44:18|   0.3|  0.0|INFORM|PostGIS client encoding: 'UTF8'
2022-01-03 22:44:18|   0.3|  0.0|INFORM|PostgreSQL 13.2, compiled by Visual C++ build 1914, 64-bit
2022-01-03 22:44:18|   0.3|  0.0|INFORM|3.1 USE_GEOS=1 USE_PROJ=1 USE_STATS=1
2022-01-03 22:44:18|   0.3|  0.0|INFORM|Testing for the existence of table 'public.Exports_TIFF'...
2022-01-03 22:44:18|   0.3|  0.0|INFORM|Creating table 'public.Exports_TIFF'...
2022-01-03 22:44:18|   0.5|  0.2|INFORM|POSTGIS Writer: Creating 'unquoted WKB' geometry processor for feature type 'Exports_TIFF'
2022-01-03 22:44:18|   0.5|  0.0|INFORM|POSTGIS Writer: Creating 'streaming Bulk Copy' feature type processor for feature type 'Exports_TIFF'
2022-01-03 22:44:18|   0.5|  0.0|INFORM|Testing for the existence of table 'public.Exports'...
2022-01-03 22:44:18|   0.5|  0.0|INFORM|Creating table 'public.Exports'...
2022-01-03 22:44:18|   0.6|  0.1|INFORM|POSTGIS Writer: Creating 'unquoted WKB' geometry processor for feature type 'Exports'
2022-01-03 22:44:18|   0.6|  0.0|INFORM|POSTGIS Writer: Creating 'batched Bulk Copy' feature type processor for feature type 'Exports'
2022-01-03 22:44:18|   0.6|  0.0|INFORM|Creating 'GIST' index on column "geom" of table 'public.Exports'...
2022-01-03 22:44:18|   0.6|  0.0|INFORM|Creating 'GIST' index on column "geom" of table 'public.Exports_TIFF'...
2022-01-03 22:44:18|   0.6|  0.0|INFORM|Successfully closed POSTGIS database writer
2022-01-03 22:44:18|   0.6|  0.0|INFORM|=-=-=-=-=-=-=-=-=-=-=-=-=-=-=-=-=-=-=-=-=-=-=-=-=-=-=-=-=-=-=-=-=-=-=-=-=-=-=-
2022-01-03 22:44:18|   0.6|  0.0|INFORM|Feature output statistics for `POSTGIS' writer using keyword `POSTGIS_2':
2022-01-03 22:44:18|   0.6|  0.0|STATS |=-=-=-=-=-=-=-=-=-=-=-=-=-=-=-=-=-=-=-=-=-=-=-=-=-=-=-=-=-=-=-=-=-=-=-=-=-=-=-
2022-01-03 22:44:18|   0.6|  0.0|STATS |                               Features Written
2022-01-03 22:44:18|   0.6|  0.0|STATS |=-=-=-=-=-=-=-=-=-=-=-=-=-=-=-=-=-=-=-=-=-=-=-=-=-=-=-=-=-=-=-=-=-=-=-=-=-=-=-
2022-01-03 22:44:18|   0.6|  0.0|STATS |Exports                                                                     10
2022-01-03 22:44:18|   0.6|  0.0|STATS |Exports_TIFF                                                                10
2022-01-03 22:44:18|   0.6|  0.0|STATS |==============================================================================
2022-01-03 22:44:18|   0.6|  0.0|STATS |Total Features Written                                                      20
2022-01-03 22:44:18|   0.6|  0.0|STATS |=-=-=-=-=-=-=-=-=-=-=-=-=-=-=-=-=-=-=-=-=-=-=-=-=-=-=-=-=-=-=-=-=-=-=-=-=-=-=-
2022-01-03 22:44:18|   0.6|  0.0|INFORM|MULTI_WRITER: multi_writer_id `1': done writing 20 feature(s) 
2022-01-03 22:44:18|   0.6|  0.0|INFORM|^^^^^^^^^^^^^^^^^^^^^^^^^^^^^^^^^^^^^^^^^^^^^^^^^^^^^^^^^^^^^^^^^^^^^^^^^^^^^^
2022-01-03 22:44:18|   0.6|  0.0|STATS |=-=-=-=-=-=-=-=-=-=-=-=-=-=-=-=-=-=-=-=-=-=-=-=-=-=-=-=-=-=-=-=-=-=-=-=-=-=-=-
2022-01-03 22:44:18|   0.6|  0.0|STATS |                            Features Read Summary
2022-01-03 22:44:18|   0.6|  0.0|STATS |=-=-=-=-=-=-=-=-=-=-=-=-=-=-=-=-=-=-=-=-=-=-=-=-=-=-=-=-=-=-=-=-=-=-=-=-=-=-=-
2022-01-03 22:44:18|   0.6|  0.0|STATS |==============================================================================
2022-01-03 22:44:18|   0.6|  0.0|STATS |Total Features Read                                                          0
2022-01-03 22:44:18|   0.6|  0.0|STATS |=-=-=-=-=-=-=-=-=-=-=-=-=-=-=-=-=-=-=-=-=-=-=-=-=-=-=-=-=-=-=-=-=-=-=-=-=-=-=-
2022-01-03 22:44:18|   0.6|  0.0|STATS |=-=-=-=-=-=-=-=-=-=-=-=-=-=-=-=-=-=-=-=-=-=-=-=-=-=-=-=-=-=-=-=-=-=-=-=-=-=-=-
2022-01-03 22:44:18|   0.6|  0.0|STATS |                           Features Written Summary
2022-01-03 22:44:18|   0.6|  0.0|STATS |=-=-=-=-=-=-=-=-=-=-=-=-=-=-=-=-=-=-=-=-=-=-=-=-=-=-=-=-=-=-=-=-=-=-=-=-=-=-=-
2022-01-03 22:44:18|   0.6|  0.0|STATS |Exports                                                                     10
2022-01-03 22:44:18|   0.6|  0.0|STATS |Exports_TIFF                                                                10
2022-01-03 22:44:18|   0.6|  0.0|STATS |==============================================================================
2022-01-03 22:44:18|   0.6|  0.0|STATS |Total Features Written                                                      20
2022-01-03 22:44:18|   0.6|  0.0|STATS |=-=-=-=-=-=-=-=-=-=-=-=-=-=-=-=-=-=-=-=-=-=-=-=-=-=-=-=-=-=-=-=-=-=-=-=-=-=-=-
2022-01-03 22:44:18|   0.6|  0.0|WARN  |-~-~-~-~-~-~-~-~-~-~-~-~-~-~-~-~-~-~-~-~-~-~-~-~-~-~-~-~-~-~-~-~-~-~-~-~-~-~-~-~-
2022-01-03 22:44:18|   0.6|  0.0|WARN  |-~                                                                             ~-
2022-01-03 22:44:18|   0.6|  0.0|WARN  |-~    Feature caches have been recorded at every stage of the translation.     ~-
2022-01-03 22:44:18|   0.6|  0.0|WARN  |-~                      To inspect the recorded features,                      ~-
2022-01-03 22:44:18|   0.6|  0.0|WARN  |-~              click the feature cache icons next to the ports.               ~-
2022-01-03 22:44:18|   0.6|  0.0|WARN  |-~                                                                             ~-
2022-01-03 22:44:18|   0.6|  0.0|WARN  |-~-~-~-~-~-~-~-~-~-~-~-~-~-~-~-~-~-~-~-~-~-~-~-~-~-~-~-~-~-~-~-~-~-~-~-~-~-~-~-~-
2022-01-03 22:44:18|   0.6|  0.0|INFORM|Translation was SUCCESSFUL with 7 warning(s) (20 feature(s) output)
2022-01-03 22:44:18|   0.6|  0.0|INFORM|FME Session Duration: 0.9 seconds. (CPU: 0.4s user, 0.2s system)
2022-01-03 22:44:18|   0.6|  0.0|INFORM|END - ProcessID: 25000, peak process memory usage: 91020 kB, current process memory usage: 91020 kB
