2022-01-03 23:27:03|   0.0|  0.0|INFORM|Current FME version: FME 2021.2.0.0 (20211029 - Build 21784 - WIN64)
2022-01-03 23:27:03|   0.0|  0.0|INFORM|FME_HOME is 'D:\Program Files\FME\'
2022-01-03 23:27:03|   0.0|  0.0|INFORM|FME Trial Edition (node locked-crc)
2022-01-03 23:27:03|   0.0|  0.0|INFORM|Serial Number: 0
2022-01-03 23:27:03|   0.0|  0.0|INFORM|Temporary License: 6 days left.
2022-01-03 23:27:03|   0.0|  0.0|INFORM|Machine host name is: LAPTOP-LD8KBQ70
2022-01-03 23:27:03|   0.0|  0.0|INFORM|Locale: pl_PL
2022-01-03 23:27:03|   0.0|  0.0|INFORM|System Encoding: windows-1250
2022-01-03 23:27:03|   0.0|  0.0|INFORM|FME Configuration: FME_BASE is 'no'
2022-01-03 23:27:03|   0.0|  0.0|INFORM|FME Configuration: FME_MF_DIR is 'C:\Users\Nadia\Desktop\STUDIA\BAZY_DANYCH_PRZESTRZENNYCH\cw10/'
2022-01-03 23:27:03|   0.0|  0.0|INFORM|FME Configuration: FME_MF_NAME is 'zad4.fmw'
2022-01-03 23:27:03|   0.0|  0.0|INFORM|FME Configuration: FME_PRODUCT_NAME is 'FME(R) 2021.2.0.0'
2022-01-03 23:27:03|   0.0|  0.0|INFORM|Operating System: Microsoft Windows 10 64-bit  (Build 19043)
2022-01-03 23:27:03|   0.0|  0.0|INFORM|FME Platform: WIN64
2022-01-03 23:27:03|   0.0|  0.0|INFORM|System Status: 3.96 GB of disk space available in the FME temporary folder (C:\Users\Nadia\AppData\Local\Temp\wbrun_1641240378981_3448\fmetmp_2c)
2022-01-03 23:27:03|   0.0|  0.0|INFORM|System Status: 15.88 GB of physical memory available
2022-01-03 23:27:03|   0.0|  0.0|INFORM|System Status: 63.51 GB of virtual memory available
2022-01-03 23:27:03|   0.0|  0.0|INFORM|START - ProcessID: 23176, peak process memory usage: 42388 kB, current process memory usage: 42388 kB
2022-01-03 23:27:03|   0.0|  0.0|INFORM|FME Configuration: Command line arguments are `D:\Program Files\FME\fme.exe' `C:/Users/Nadia/Desktop/STUDIA/BAZY_DANYCH_PRZESTRZENNYCH/cw10\wb-xlate-1641248822728_3448' `LOG_STANDARDOUT' `YES' `LogCountServerName' `{614abd5a-8237-403a-a651-6b0c74d175b6}'
2022-01-03 23:27:03|   0.0|  0.0|INFORM|FME Configuration: Connection Storage: 'C:\Users\Nadia\AppData\Roaming\Safe Software\FME\'
2022-01-03 23:27:04|   0.0|  0.0|INFORM|Shared folders for formats are : D:\Program Files\FME\datasources;C:\Users\Nadia\Documents\FME\Formats
2022-01-03 23:27:04|   0.0|  0.0|INFORM|Shared folders for transformers are : C:\Users\Nadia\AppData\Roaming\Safe Software\FME\Packages\21784-win64\transformers;D:\Program Files\FME\transformers;C:\Users\Nadia\AppData\Roaming\Safe Software\FME\FME Store\Transformers
2022-01-03 23:27:04|   0.0|  0.0|INFORM|Shared folders for coordinate systems are : C:\Users\Nadia\Documents\FME\CoordinateSystems
2022-01-03 23:27:04|   0.0|  0.0|INFORM|Shared folders for coordinate system exceptions are : C:\Users\Nadia\Documents\FME\CoordinateSystemExceptions
2022-01-03 23:27:04|   0.0|  0.0|INFORM|Shared folders for coordinate system grid overrides are : C:\Users\Nadia\Documents\FME\CoordinateSystemGridOverrides
2022-01-03 23:27:04|   0.0|  0.0|INFORM|Shared folders for CS-MAP transformation exceptions are : C:\Users\Nadia\Documents\FME\CsmapTransformationExceptions
2022-01-03 23:27:04|   0.0|  0.0|INFORM|Shared folders for transformer categories are : C:\Users\Nadia\Documents\FME\TransformerCategories
2022-01-03 23:27:04|   0.0|  0.0|INFORM|FME Configuration: Reader Keyword is `MULTI_READER'
2022-01-03 23:27:04|   0.0|  0.0|INFORM|FME Configuration: Writer Keyword is `NULL_DEST'
2022-01-03 23:27:04|   0.0|  0.0|INFORM|FME Configuration: Writer Group Definition Keyword is `NULL_DEST_DEF'
2022-01-03 23:27:04|   0.0|  0.0|INFORM|FME Configuration: Reader type is `MULTI_READER'
2022-01-03 23:27:04|   0.0|  0.0|INFORM|FME Configuration: Writer type is `NULL'
2022-01-03 23:27:04|   0.0|  0.0|INFORM|FME Configuration: No destination coordinate system set
2022-01-03 23:27:04|   0.0|  0.0|INFORM|FME Configuration: Current working folder is `C:\Users\Nadia\Desktop\STUDIA\BAZY_DANYCH_PRZESTRZENNYCH\cw10'
2022-01-03 23:27:04|   0.0|  0.0|INFORM|FME Configuration: Temporary folder is `C:\Users\Nadia\AppData\Local\Temp\wbrun_1641240378981_3448\fmetmp_2c', set from environment variable `FME_TEMP'
2022-01-03 23:27:04|   0.0|  0.0|INFORM|FME Configuration: Cache folder is 'C:\Users\Nadia\AppData\Local\Temp'
2022-01-03 23:27:04|   0.0|  0.0|INFORM|FME Configuration: FME_HOME is `D:\Program Files\FME\'
2022-01-03 23:27:04|   0.0|  0.0|INFORM|FME Configuration: Start freeing memory when the process exceeds 47.63 GB
2022-01-03 23:27:04|   0.0|  0.0|INFORM|FME Configuration: Stop freeing memory when the process is below 35.73 GB
2022-01-03 23:27:04|   0.0|  0.0|INFORM|Creating writer for format: NULL (Nothing)
2022-01-03 23:27:04|   0.0|  0.0|INFORM|Trying to find a DYNAMIC plugin for writer named `NULL'
2022-01-03 23:27:04|   0.1|  0.1|INFORM|Loaded module 'NULL' from file 'D:\Program Files\FME\plugins/NULL.dll'
2022-01-03 23:27:04|   0.1|  0.0|INFORM|FME API version of module 'NULL' matches current internal version (3.8 20210302)
2022-01-03 23:27:04|   0.1|  0.0|INFORM|Creating reader for format: 
2022-01-03 23:27:04|   0.1|  0.0|INFORM|MULTI_READER(MULTI_READER): Will fail with first member reader failure
2022-01-03 23:27:04|   0.1|  0.0|INFORM|Using Multi Reader with keyword `MULTI_READER' to read multiple datasets
2022-01-03 23:27:04|   0.1|  0.0|INFORM|FME API version of module 'NULL' matches current internal version (3.8 20210302)
2022-01-03 23:27:04|   0.1|  0.0|INFORM|FME API version of module 'NULL' matches current internal version (3.8 20210302)
2022-01-03 23:27:04|   0.1|  0.0|INFORM|Loaded module 'LogCount_func' from file 'D:\Program Files\FME\plugins/LogCount_func.dll'
2022-01-03 23:27:04|   0.1|  0.0|INFORM|FME API version of module 'LogCount_func' matches current internal version (3.8 20210302)
2022-01-03 23:27:04|   0.1|  0.0|INFORM|Loaded module 'QueryFactory' from file 'D:\Program Files\FME\plugins/QueryFactory.dll'
2022-01-03 23:27:04|   0.1|  0.0|INFORM|FME API version of module 'QueryFactory' matches current internal version (3.8 20210302)
2022-01-03 23:27:04|   0.1|  0.0|INFORM|Loaded module 'InspectorFactory' from file 'D:\Program Files\FME\plugins/InspectorFactory.dll'
2022-01-03 23:27:04|   0.1|  0.0|INFORM|FME API version of module 'InspectorFactory' matches current internal version (3.8 20210302)
2022-01-03 23:27:04|   0.1|  0.0|INFORM|Emptying factory pipeline
2022-01-03 23:27:04|   0.1|  0.0|STATS |Restoring 1 feature(s) from FME feature store file `C:\Users\Nadia\AppData\Local\Temp\wb-cache--vtdwOJ\Main_Creator -1 2 fo 0 CREATED  0  91f24029da9d84420575d6c1a9d18fee2ed5efe5.ffs'
2022-01-03 23:27:04|   0.3|  0.2|INFORM|FME Configuration: Using connection values from 'Zad4' for R_1
2022-01-03 23:27:04|   0.3|  0.0|INFORM|Creating reader for format: PostGIS
2022-01-03 23:27:04|   0.3|  0.0|INFORM|Trying to find a DYNAMIC plugin for reader named `POSTGIS'
2022-01-03 23:27:04|   0.3|  0.0|INFORM|Loaded module 'POSTGIS' from file 'D:\Program Files\FME\plugins/POSTGIS.dll'
2022-01-03 23:27:04|   0.3|  0.0|INFORM|FME API version of module 'POSTGIS' matches current internal version (3.8 20210302)
2022-01-03 23:27:04|   0.3|  0.0|INFORM|Performing query against POSTGIS dataset `Zad4'
2022-01-03 23:27:04|   0.3|  0.0|INFORM|Opening POSTGIS reader for dataset 'cw9'
2022-01-03 23:27:04|   0.3|  0.0|INFORM|PostGIS client encoding: 'UTF8'
2022-01-03 23:27:04|   0.3|  0.0|INFORM|PostgreSQL 13.2, compiled by Visual C++ build 1914, 64-bit
2022-01-03 23:27:04|   0.3|  0.0|INFORM|3.1 USE_GEOS=1 USE_PROJ=1 USE_STATS=1
2022-01-03 23:27:04|   0.3|  0.0|INFORM|POSTGIS reader: Creating bulk features from individual features
2022-01-03 23:27:04|   0.3|  0.0|INFORM|Executing custom data query: 'CREATE TABLE public."Zad4" AS SELECT ST_Union(geom) FROM public."Exports_TIFF";'
2022-01-03 23:27:04|   0.3|  0.0|ERROR |Error executing SQL command ('CREATE TABLE public."Zad4" AS SELECT ST_Union(geom) FROM public."Exports_TIFF";'): 'ERROR:  relation "Zad4" already exists
'
2022-01-03 23:27:04|   0.3|  0.0|ERROR |A fatal error has occurred. Check the logfile above for details
2022-01-03 23:27:04|   0.3|  0.0|ERROR |A fatal error has occurred. Check the logfile above for details
2022-01-03 23:27:04|   0.3|  0.0|WARN  |Semicolons detected in SQL. May need to use FME_SQL_DELIMITER keyword to specify a delimiter. SQL is: 'CREATE TABLE public."Zad4" AS SELECT ST_Union(geom) FROM public."Exports_TIFF";'
2022-01-03 23:27:04|   0.3|  0.0|INFORM|Successfully closed POSTGIS database reader
2022-01-03 23:27:04|   0.3|  0.0|INFORM|Successfully closed POSTGIS database reader
2022-01-03 23:27:04|   0.3|  0.0|STATS |Storing feature(s) to FME feature store file `C:\Users\Nadia\AppData\Local\Temp\wb-cache--vtdwOJ\Main_SQLExecutor -1 3 fo 2 _lt_REJECTED_gt_  0  968bc8051afd21b238b61658b55b43fe307e4f35.ffsupdating'
2022-01-03 23:27:04|   0.4|  0.1|INFORM|Creator_CREATED_-1_4_Player (RecorderFactory): Played back 1 feature(s) from file `C:\Users\Nadia\AppData\Local\Temp\wb-cache--vtdwOJ\Main_Creator -1 2 fo 0 CREATED  0  91f24029da9d84420575d6c1a9d18fee2ed5efe5.ffs'
2022-01-03 23:27:04|   0.4|  0.0|STATS |SQLExecutor_RESULT Feature Counter -1 6 (TeeFactory): Cloned 0 input feature(s) into 0 output feature(s)
2022-01-03 23:27:04|   0.4|  0.0|STATS |SQLExecutor_INITIATOR Feature Counter -1 2147680259 (TeeFactory): Cloned 0 input feature(s) into 0 output feature(s)
2022-01-03 23:27:04|   0.4|  0.0|STATS |SQLExecutor_<REJECTED> Feature Counter -1 2147745795 (TeeFactory): Cloned 1 input feature(s) into 0 output feature(s)
2022-01-03 23:27:04|   0.4|  0.0|STATS |Stored 1 feature(s) to FME feature store file `C:\Users\Nadia\AppData\Local\Temp\wb-cache--vtdwOJ\Main_SQLExecutor -1 3 fo 2 _lt_REJECTED_gt_  0  968bc8051afd21b238b61658b55b43fe307e4f35.ffsupdating'
2022-01-03 23:27:04|   0.4|  0.0|INFORM|Saving spatial index into file 'C:\Users\Nadia\AppData\Local\Temp\wb-cache--vtdwOJ\Main_SQLExecutor -1 3 fo 2 _lt_REJECTED_gt_  0  968bc8051afd21b238b61658b55b43fe307e4f35.fsi'
2022-01-03 23:27:04|   0.4|  0.0|INFORM|Finished saving spatial index into file 'C:\Users\Nadia\AppData\Local\Temp\wb-cache--vtdwOJ\Main_SQLExecutor -1 3 fo 2 _lt_REJECTED_gt_  0  968bc8051afd21b238b61658b55b43fe307e4f35.fsi'
2022-01-03 23:27:04|   0.4|  0.0|STATS |Destination Feature Type Routing Correlator (RoutingFactory): Tested 0 input feature(s), wrote 0 output feature(s): 0 matched merge filters, 0 were routed to output, 0 could not be routed.
2022-01-03 23:27:04|   0.4|  0.0|STATS |Final Output Nuker (TeeFactory): Cloned 0 input feature(s) into 0 output feature(s)
2022-01-03 23:27:04|   0.4|  0.0|STATS |VisualizerProcessor (CreationFactory): Created 1 features
2022-01-03 23:27:04|   0.4|  0.0|STATS |VisualizerCleaner (TeeFactory): Cloned 1 input feature(s) into 0 output feature(s)
2022-01-03 23:27:04|   0.4|  0.0|STATS |=-=-=-=-=-=-=-=-=-=-=-=-=-=-=-=-=-=-=-=-=-=-=-=-=-=-=-=-=-=-=-=-=-=-=-=-=-=-=-
2022-01-03 23:27:04|   0.4|  0.0|STATS |                            Features Read Summary
2022-01-03 23:27:04|   0.4|  0.0|STATS |=-=-=-=-=-=-=-=-=-=-=-=-=-=-=-=-=-=-=-=-=-=-=-=-=-=-=-=-=-=-=-=-=-=-=-=-=-=-=-
2022-01-03 23:27:04|   0.4|  0.0|STATS |==============================================================================
2022-01-03 23:27:04|   0.4|  0.0|STATS |Total Features Read                                                          0
2022-01-03 23:27:04|   0.4|  0.0|STATS |=-=-=-=-=-=-=-=-=-=-=-=-=-=-=-=-=-=-=-=-=-=-=-=-=-=-=-=-=-=-=-=-=-=-=-=-=-=-=-
2022-01-03 23:27:04|   0.4|  0.0|STATS |=-=-=-=-=-=-=-=-=-=-=-=-=-=-=-=-=-=-=-=-=-=-=-=-=-=-=-=-=-=-=-=-=-=-=-=-=-=-=-
2022-01-03 23:27:04|   0.4|  0.0|STATS |                           Features Written Summary
2022-01-03 23:27:04|   0.4|  0.0|STATS |=-=-=-=-=-=-=-=-=-=-=-=-=-=-=-=-=-=-=-=-=-=-=-=-=-=-=-=-=-=-=-=-=-=-=-=-=-=-=-
2022-01-03 23:27:04|   0.4|  0.0|STATS |==============================================================================
2022-01-03 23:27:04|   0.4|  0.0|STATS |Total Features Written                                                       0
2022-01-03 23:27:04|   0.4|  0.0|STATS |=-=-=-=-=-=-=-=-=-=-=-=-=-=-=-=-=-=-=-=-=-=-=-=-=-=-=-=-=-=-=-=-=-=-=-=-=-=-=-
2022-01-03 23:27:04|   0.4|  0.0|WARN  |-~-~-~-~-~-~-~-~-~-~-~-~-~-~-~-~-~-~-~-~-~-~-~-~-~-~-~-~-~-~-~-~-~-~-~-~-~-~-~-~-
2022-01-03 23:27:04|   0.4|  0.0|WARN  |-~                                                                             ~-
2022-01-03 23:27:04|   0.4|  0.0|WARN  |-~    Feature caches have been recorded at every stage of the translation.     ~-
2022-01-03 23:27:04|   0.4|  0.0|WARN  |-~                      To inspect the recorded features,                      ~-
2022-01-03 23:27:04|   0.4|  0.0|WARN  |-~              click the feature cache icons next to the ports.               ~-
2022-01-03 23:27:04|   0.4|  0.0|WARN  |-~                                                                             ~-
2022-01-03 23:27:04|   0.4|  0.0|WARN  |-~-~-~-~-~-~-~-~-~-~-~-~-~-~-~-~-~-~-~-~-~-~-~-~-~-~-~-~-~-~-~-~-~-~-~-~-~-~-~-~-
2022-01-03 23:27:04|   0.4|  0.0|INFORM|Translation was SUCCESSFUL with 8 warning(s) (0 feature(s) output)
2022-01-03 23:27:04|   0.4|  0.0|INFORM|FME Session Duration: 0.6 seconds. (CPU: 0.1s user, 0.3s system)
2022-01-03 23:27:04|   0.4|  0.0|INFORM|END - ProcessID: 23176, peak process memory usage: 55616 kB, current process memory usage: 55548 kB
